❯ ./create_resources.sh
Checking for existing VPC...
VPC ID: vpc-0d6faf0971ec86cdc
Checking for IAM Execution Role...
Creating IAM Execution Role...
Execution Role created: arn:aws:iam::072298625118:role/stock_predictor_execution_role
Checking for Execution Role Inline Policy...
Attaching inline policy to IAM Execution Role...
Inline policy attached to Execution Role.
Checking for IAM Task Role...
Creating IAM Task Role...
Task Role created: arn:aws:iam::072298625118:role/stock_predictor_task_role
Attaching inline policy to IAM Task Role...
Inline policy attached to Task Role.
Checking for existing Private Subnets...
Private Subnet 1: subnet-0fe65d113e7eb576c
Private Subnet 2: subnet-0d31c67048e4006d5
Checking for existing Public Subnets...
Public Subnet 1: subnet-04d419c18a9e57b2f
Public Subnet 2: subnet-0808db0ef9c245e6f
Setting up Internet Gateway...
Internet Gateway ID: igw-002d910b75e4dfebb
Checking for ALB Security Group...
ALB Security Group ID: sg-07da11b965d90f21a
Checking for ECS Security Group...
ECS Security Group ID: sg-0027e475625ede9fe
Checking for ALB...
ALB does not exist. Creating ALB...
ALB created: arn:aws:elasticloadbalancing:us-east-1:072298625118:loadbalancer/app/flask-app-alb/74d226fb9f0f29d1
Checking for Target Group...
Target Group does not exist. Creating Target Group...
Target Group created: arn:aws:elasticloadbalancing:us-east-1:072298625118:targetgroup/flask-ecs-target-group/cea7d45facce26c3
Checking for Listener...
Creating Listener for ALB...
Listener created: arn:aws:elasticloadbalancing:us-east-1:072298625118:listener/app/flask-app-alb/74d226fb9f0f29d1/8e36e08a4fd3e82a
Checking for ECS Cluster...
ECS Cluster already exists and is ACTIVE.
Registering Task Definition...
Task Definition ARN: arn:aws:ecs:us-east-1:072298625118:task-definition/flask-ecs-task:28
Creating ECS Service...
ECS Service created: arn:aws:ecs:us-east-1:072298625118:service/flask-ecs-cluster/flask-ecs-service
Final Summary:
VPC ID: vpc-0d6faf0971ec86cdc
Subnets: subnet-04d419c18a9e57b2f, subnet-0808db0ef9c245e6f, subnet-0fe65d113e7eb576c, subnet-0d31c67048e4006d5
Internet Gateway ID: igw-002d910b75e4dfebb
Security Groups: ALB=sg-07da11b965d90f21a, ECS=sg-0027e475625ede9fe
ALB ARN: arn:aws:elasticloadbalancing:us-east-1:072298625118:loadbalancer/app/flask-app-alb/74d226fb9f0f29d1
Target Group ARN: arn:aws:elasticloadbalancing:us-east-1:072298625118:targetgroup/flask-ecs-target-group/cea7d45facce26c3
Listener ARN: arn:aws:elasticloadbalancing:us-east-1:072298625118:listener/app/flask-app-alb/74d226fb9f0f29d1/8e36e08a4fd3e82a
ECS Cluster: flask-ecs-cluster
Task Definition ARN: arn:aws:ecs:us-east-1:072298625118:task-definition/flask-ecs-task:28
ECS Service ARN: arn:aws:ecs:us-east-1:072298625118:service/flask-ecs-cluster/flask-ecs-service
