2024-12-17 16:00:01,946 - flask-app - DEBUG - Downloading models from S3...
2024-12-17 16:00:01,948 - flask-app - INFO - Downloading models from S3...
2024-12-17 16:00:01,948 - flask-app - DEBUG - Downloading models from S3...
2024-12-17 16:00:01,949 - flask-app - DEBUG - Downloading random_forest_model.pkl...
2024-12-17 16:00:01,953 - flask-app - DEBUG - Error downloading models: Unable to locate credentials
2024-12-17 16:00:26,832 - flask-app - DEBUG - Downloading models from S3...
2024-12-17 16:00:26,835 - flask-app - INFO - Downloading models from S3...
2024-12-17 16:00:26,835 - flask-app - DEBUG - Downloading models from S3...
2024-12-17 16:00:26,836 - flask-app - DEBUG - Downloading random_forest_model.pkl...
2024-12-17 16:00:32,812 - flask-app - DEBUG - Downloading linear_regression_model.pkl...
2024-12-17 16:00:32,957 - flask-app - DEBUG - Downloading scaler.pkl...
2024-12-17 16:00:33,136 - flask-app - DEBUG - Downloading ticker_mapping.json...
2024-12-17 16:00:33,202 - flask-app - DEBUG - Error downloading models: An error occurred (404) when calling the HeadObject operation: Not Found
2024-12-17 16:06:47,922 - flask-app - DEBUG - Downloading models from S3...
2024-12-17 16:06:47,931 - flask-app - INFO - Downloading models from S3...
2024-12-17 16:06:47,933 - flask-app - DEBUG - Downloading models from S3...
2024-12-17 16:06:47,934 - flask-app - DEBUG - Downloading random_forest_model.pkl...
2024-12-17 16:06:54,509 - flask-app - DEBUG - Downloading linear_regression_model.pkl...
2024-12-17 16:06:54,681 - flask-app - DEBUG - Downloading scaler.pkl...
2024-12-17 16:06:54,844 - flask-app - DEBUG - Downloading ticker_mapping.json...
2024-12-17 16:06:54,912 - flask-app - DEBUG - Error downloading models: An error occurred (404) when calling the HeadObject operation: Not Found
